# num_samples num_i pi_estimate relative_error time_accum
1 960000000 753989328 3.141622200000000000 .0000094 23.9917
2 1920000000 1507913568 3.141486600000000000 .0000338 46.0594
3 2880000000 2262031632 3.141710600000000000 .0000375 68.0736
4 3840000000 3015976800 3.141642500000000000 .0000158 90.1226
5 4800000000 3769969584 3.141641320000000000 .0000154 112.159
6 5760000000 4523974704 3.141649100000000000 .0000179 134.063
7 6720000000 5277996000 3.141664285714285712 .0000228 156.404
8 7680000000 6031990608 3.141661775000000000 .0000220 178.393
9 8640000000 6785963472 3.141649755555555552 .0000181 200.247
10 9600000000 7539879360 3.141616400000000000 .0000075 222.487
11 10560000000 8293919472 3.141636163636363636 .0000138 244.75
12 11520000000 9047849616 3.141614450000000000 .0000069 266.698
13 12480000000 9801940080 3.141647461538461536 .0000174 288.672
14 13440000000 10555953168 3.141652728571428568 .0000191 310.785
15 14400000000 11310078432 3.141688453333333332 .0000304 332.905
16 15360000000 12063946992 3.141652862500000000 .0000191 354.919
17 16320000000 12817942128 3.141652482352941176 .0000190 376.794
18 17280000000 13572005088 3.141667844444444444 .0000239 398.678
19 18240000000 14326096464 3.141687821052631576 .0000302 420.911
20 19200000000 15080007888 3.141668310000000000 .0000240 442.907
21 20160000000 15833967360 3.141660190476190476 .0000214 465.308
22 21120000000 16587998304 3.141666345454545452 .0000234 487.32
23 22080000000 17342049840 3.141675695652173912 .0000264 509.359
24 23040000000 18096110544 3.141685858333333332 .0000296 531.476
25 24000000000 18850087776 3.141681296000000000 .0000282 553.467
26 24960000000 19604128032 3.141687184615384612 .0000300 575.31
27 25920000000 20358011232 3.141668400000000000 .0000241 597.29
28 26880000000 21112092384 3.141680414285714284 .0000279 619.438
29 27840000000 21866064720 3.141675965517241376 .0000265 641.311
30 28800000000 22620132768 3.141685106666666664 .0000294 663.533
31 29760000000 23374211952 3.141695154838709676 .0000326 685.714
32 30720000000 24128380176 3.141716168750000000 .0000393 707.741
33 31680000000 24882208464 3.141692987878787876 .0000319 730.089
34 32640000000 25636343088 3.141708711764705880 .0000369 751.93
35 33600000000 26390180016 3.141688097142857140 .0000303 773.947
36 34560000000 27144044736 3.141671844444444444 .0000252 796.075
37 35520000000 27897988272 3.141665345945945944 .0000231 817.943
38 36480000000 28651868400 3.141652236842105260 .0000189 840.188
39 37440000000 29405808000 3.141646153846153844 .0000170 862.158
40 38400000000 30159690576 3.141634435000000000 .0000132 884.122
41 39360000000 30913629552 3.141629019512195120 .0000115 906.092
42 40320000000 31667577456 3.141624747619047616 .0000102 928.347
43 41280000000 32421546912 3.141622762790697672 .0000095 950.413
44 42240000000 33175592256 3.141628054545454544 .0000112 972.498
45 43200000000 33929493168 3.141619737777777776 .0000086 994.395
46 44160000000 34683466032 3.141618300000000000 .0000081 1016.31
47 45120000000 35437393104 3.141612863829787232 .0000064 1038.26
48 46080000000 36191328048 3.141608337500000000 .0000049 1060.37
